2026-06-17 22:42:15 - quiz - INFO - Начата викторина. Количество вопросов: 3
2026-06-17 22:42:15 - quiz - INFO - Вопрос 12: ❌ - Кто написал 'Войну и мир'?...
2026-06-17 22:42:15 - quiz - INFO - Вопрос 6: ✅ - В каком году произошла Октябрь...
2026-06-17 22:42:15 - quiz - INFO - Начата викторина. Количество вопросов: 3
2026-06-17 22:42:15 - quiz - INFO - Начата викторина. Количество вопросов: 3
2026-06-17 22:42:15 - quiz - INFO - Вопрос 4: ❌ - Какая планета самая большая в ...
2026-06-17 22:42:15 - quiz - INFO - Новая игра для игрока: TestPlayer
2026-06-17 22:42:15 - quiz - INFO - Новая игра для игрока: TestPlayer
2026-06-17 22:42:15 - quiz - INFO - Новая игра для игрока: TestPlayer
2026-06-17 22:42:24 - quiz - INFO - Начата викторина. Количество вопросов: 3
2026-06-17 22:42:24 - quiz - INFO - Вопрос 12: ❌ - Кто написал 'Войну и мир'?...
2026-06-17 22:42:24 - quiz - INFO - Вопрос 9: ✅ - Какая река является самой длин...
2026-06-17 22:42:24 - quiz - INFO - Начата викторина. Количество вопросов: 3
2026-06-17 22:42:25 - quiz - INFO - Начата викторина. Количество вопросов: 3
2026-06-17 22:42:25 - quiz - INFO - Вопрос 8: ❌ - Какая страна является самой бо...
2026-06-17 22:42:25 - quiz - INFO - Новая игра для игрока: TestPlayer
2026-06-17 22:42:25 - quiz - INFO - Новая игра для игрока: TestPlayer
2026-06-17 22:42:25 - quiz - INFO - Новая игра для игрока: TestPlayer
2026-06-17 22:43:47 - quiz - INFO - Начата викторина. Количество вопросов: 3
2026-06-17 22:43:47 - quiz - INFO - Вопрос 12: ❌ - Кто написал 'Войну и мир'?...
2026-06-17 22:43:47 - quiz - INFO - Вопрос 5: ✅ - Какой элемент имеет химический...
2026-06-17 22:43:47 - quiz - INFO - Начата викторина. Количество вопросов: 3
2026-06-17 22:43:47 - quiz - INFO - Начата викторина. Количество вопросов: 3
2026-06-17 22:43:47 - quiz - INFO - Вопрос 8: ❌ - Какая страна является самой бо...
2026-06-17 22:43:47 - quiz - INFO - Новая игра для игрока: TestPlayer
2026-06-17 22:43:47 - quiz - INFO - Новая игра для игрока: TestPlayer
2026-06-17 22:43:47 - quiz - INFO - Новая игра для игрока: TestPlayer
2026-06-17 22:43:54 - quiz - INFO - Начата викторина. Количество вопросов: 3
2026-06-17 22:43:54 - quiz - INFO - Вопрос 8: ❌ - Какая страна является самой бо...
2026-06-17 22:43:54 - quiz - INFO - Вопрос 12: ✅ - Кто написал 'Войну и мир'?...
2026-06-17 22:43:54 - quiz - INFO - Начата викторина. Количество вопросов: 3
2026-06-17 22:43:54 - quiz - INFO - Начата викторина. Количество вопросов: 3
2026-06-17 22:43:54 - quiz - INFO - Вопрос 7: ❌ - Кто был первым президентом США...
2026-06-17 22:43:54 - quiz - INFO - Новая игра для игрока: TestPlayer
2026-06-17 22:43:54 - quiz - INFO - Новая игра для игрока: TestPlayer
2026-06-17 22:43:54 - quiz - INFO - Новая игра для игрока: TestPlayer
2026-06-17 22:45:35 - quiz - INFO - Начата викторина. Количество вопросов: 2
2026-06-17 22:45:35 - quiz - INFO - Вопрос 1: ✅ - Test 1?...
2026-06-17 22:45:35 - quiz - INFO - Вопрос 2: ❌ - Test 2?...
2026-06-17 22:45:35 - quiz - INFO - Начата викторина. Количество вопросов: 2
2026-06-17 22:45:35 - quiz - INFO - Вопрос 1: ✅ - Test 1?...
2026-06-17 22:45:35 - quiz - INFO - Вопрос 2: ❌ - Test 2?...
2026-06-17 22:45:35 - quiz - INFO - Начата викторина. Количество вопросов: 2
2026-06-17 22:45:35 - quiz - INFO - Вопрос 1: ✅ - Test 1?...
2026-06-17 22:45:35 - quiz - INFO - Вопрос 2: ✅ - Test 2?...
2026-06-17 22:45:35 - quiz - INFO - Начата викторина. Количество вопросов: 2
2026-06-17 22:45:35 - quiz - INFO - Начата викторина. Количество вопросов: 2
2026-06-17 22:45:35 - quiz - INFO - Вопрос 1: ✅ - Test 1?...
2026-06-17 22:45:35 - quiz - INFO - Новая игра для игрока: TestPlayer
2026-06-17 22:45:35 - quiz - INFO - Новая игра для игрока: TestPlayer
2026-06-17 22:45:35 - quiz - INFO - Новая игра для игрока: TestPlayer
2026-06-17 22:45:35 - quiz - INFO - Новая игра для игрока: TestPlayer
2026-06-17 22:45:35 - quiz - INFO - Начата викторина. Количество вопросов: 1
2026-06-17 22:45:35 - quiz - INFO - Вопрос 1: ✅ - 2 + 2 = 4?...
2026-06-17 22:45:35 - quiz - INFO - Новая игра для игрока: TestPlayer
2026-06-17 22:45:35 - quiz - INFO - Игра завершена. Игрок: TestPlayer, Очки: 10
